<?xml version="1.0" encoding="UTF-8"?>
<!-- Generated by org.testng.reporters.JUnitXMLReporter -->
<testsuite ignored="2" hostname="LAPTOP-6KJ936L2" failures="0" tests="1" name="SmokeTest" time="12.641" errors="0" timestamp="2026-03-21T10:36:06 IST">
  <testcase classname="tests.OrderProductTest" name="addToCartAndOrder" time="9.791"/>
  <testcase classname="tests.OrderProductTest" name="verifyOrder" time="0.0">
    <ignored/>
  </testcase> <!-- verifyOrder -->
  <testcase classname="tests.ValidateErrorsTest" name="addToCartAndOrder" time="0.0">
    <ignored/>
  </testcase> <!-- addToCartAndOrder -->
</testsuite> <!-- SmokeTest -->
